2025-11-21 18:15:51,215 [ERROR] Unexpected error; retrying in 60 seconds.
Traceback (most recent call last):
  File "/Users/nera_thomas/Desktop/Telemarketing/UM_US.py", line 2193, in <module>
    Fetch.deposit_list_PID("29018465.asia", "uea8", "MYR", "+08:00", "UM_DL", "1kp3WplRQJt79CTsq8fKcRc9N5f58I3xo1sxVHt_7SD0", "UM DEPOSIT LIST", "A", "C", extra_mongo_collections=["SSBO_UM_DL"])
    ~~~~~~~~~~~~~~~~~~~~~~^^^^^^^^^^^^^^^^^^^^^^^^^^^^^^^^^^^^^^^^^^^^^^^^^^^^^^^^^^^^^^^^^^^^^^^^^^^^^^^^^^^^^^^^^^^^^^^^^^^^^^^^^^^^^^^^^^^^^^^^^^^^^^^^^^^^^^^^^^^^^^^^^^^^^^^^^^^^^^^^^^^^^^^^
  File "/Users/nera_thomas/Desktop/Telemarketing/UM_US.py", line 1773, in deposit_list_PID
    return cls.deposit_list_PID(bo_link, bo_name, currency, gmt_time, collection, gs_id, gs_tab, start_column, end_column, extra_mongo_collections)
           ~~~~~~~~~~~~~~~~~~~~^^^^^^^^^^^^^^^^^^^^^^^^^^^^^^^^^^^^^^^^^^^^^^^^^^^^^^^^^^^^^^^^^^^^^^^^^^^^^^^^^^^^^^^^^^^^^^^^^^^^^^^^^^^^^^^^^^^^
  File "/Users/nera_thomas/Desktop/Telemarketing/UM_US.py", line 1808, in deposit_list_PID
    mongodb_2_gs.upload_to_google_sheet_DL_PID(collection, gs_id, gs_tab, start_column, end_column, rows=None, extra_mongo_collections=extra_mongo_collections)
    ~~~~~~~~~~~~~~~~~~~~~~~~~~~~~~~~~~~~~~~~~~^^^^^^^^^^^^^^^^^^^^^^^^^^^^^^^^^^^^^^^^^^^^^^^^^^^^^^^^^^^^^^^^^^^^^^^^^^^^^^^^^^^^^^^^^^^^^^^^^^^^^^^^^^^^^^^^^
  File "/Users/nera_thomas/Desktop/Telemarketing/UM_US.py", line 800, in upload_to_google_sheet_DL_PID
    creds = cls.googleAPI()
  File "/Users/nera_thomas/Desktop/Telemarketing/UM_US.py", line 276, in googleAPI
    flow = InstalledAppFlow.from_client_secrets_file(cls.CREDS_PATH, cls.SCOPES)
  File "/Library/Frameworks/Python.framework/Versions/3.13/lib/python3.13/site-packages/google_auth_oauthlib/flow.py", line 198, in from_client_secrets_file
    with open(client_secrets_file, "r") as json_file:
         ~~~~^^^^^^^^^^^^^^^^^^^^^^^^^^
FileNotFoundError: [Errno 2] No such file or directory: './api/google/credentials.json'
2025-11-21 18:19:44,929 [ERROR] Unexpected error; retrying in 60 seconds.
Traceback (most recent call last):
  File "/Users/nera_thomas/Desktop/Telemarketing/UM_US.py", line 2193, in <module>
    Fetch.deposit_list_PID("29018465.asia", "uea8", "MYR", "+08:00", "UM_DL", "1kp3WplRQJt79CTsq8fKcRc9N5f58I3xo1sxVHt_7SD0", "UM DEPOSIT LIST", "A", "C", extra_mongo_collections=["SSBO_UM_DL"])
    ~~~~~~~~~~~~~~~~~~~~~~^^^^^^^^^^^^^^^^^^^^^^^^^^^^^^^^^^^^^^^^^^^^^^^^^^^^^^^^^^^^^^^^^^^^^^^^^^^^^^^^^^^^^^^^^^^^^^^^^^^^^^^^^^^^^^^^^^^^^^^^^^^^^^^^^^^^^^^^^^^^^^^^^^^^^^^^^^^^^^^^^^^^^^^^
  File "/Users/nera_thomas/Desktop/Telemarketing/UM_US.py", line 1808, in deposit_list_PID
    mongodb_2_gs.upload_to_google_sheet_DL_PID(collection, gs_id, gs_tab, start_column, end_column, rows=None, extra_mongo_collections=extra_mongo_collections)
    ~~~~~~~~~~~~~~~~~~~~~~~~~~~~~~~~~~~~~~~~~~^^^^^^^^^^^^^^^^^^^^^^^^^^^^^^^^^^^^^^^^^^^^^^^^^^^^^^^^^^^^^^^^^^^^^^^^^^^^^^^^^^^^^^^^^^^^^^^^^^^^^^^^^^^^^^^^^
  File "/Users/nera_thomas/Desktop/Telemarketing/UM_US.py", line 800, in upload_to_google_sheet_DL_PID
    creds = cls.googleAPI()
  File "/Users/nera_thomas/Desktop/Telemarketing/UM_US.py", line 276, in googleAPI
    flow = InstalledAppFlow.from_client_secrets_file(cls.CREDS_PATH, cls.SCOPES)
  File "/Library/Frameworks/Python.framework/Versions/3.13/lib/python3.13/site-packages/google_auth_oauthlib/flow.py", line 198, in from_client_secrets_file
    with open(client_secrets_file, "r") as json_file:
         ~~~~^^^^^^^^^^^^^^^^^^^^^^^^^^
FileNotFoundError: [Errno 2] No such file or directory: './api/google/credentials.json'
2025-11-21 18:30:52,778 [ERROR] Unexpected error; retrying in 60 seconds.
Traceback (most recent call last):
  File "/Users/nera_thomas/Desktop/Telemarketing/JOLI.py", line 1243, in <module>
    Fetch.member_info_SPLIT_DATA("jolibetbo.com", "joli", "PHP", "+08:00", "JOLI_MI", gs_ids, "joli")
    ~~~~~~~~~~~~~~~~~~~~~~~~~~~~^^^^^^^^^^^^^^^^^^^^^^^^^^^^^^^^^^^^^^^^^^^^^^^^^^^^^^^^^^^^^^^^^^^^^
  File "/Users/nera_thomas/Desktop/Telemarketing/JOLI.py", line 1226, in member_info_SPLIT_DATA
    mongodb_2_gs.upload_to_google_sheet_MI_SPLIT_DATA(collection, gs_id, gs_tab)
    ~~~~~~~~~~~~~~~~~~~~~~~~~~~~~~~~~~~~~~~~~~~~~~~~~^^^^^^^^^^^^^^^^^^^^^^^^^^^
  File "/Users/nera_thomas/Desktop/Telemarketing/JOLI.py", line 769, in upload_to_google_sheet_MI_SPLIT_DATA
    ).execute()
      ~~~~~~~^^
  File "/Library/Frameworks/Python.framework/Versions/3.13/lib/python3.13/site-packages/googleapiclient/_helpers.py", line 130, in positional_wrapper
    return wrapped(*args, **kwargs)
  File "/Library/Frameworks/Python.framework/Versions/3.13/lib/python3.13/site-packages/googleapiclient/http.py", line 923, in execute
    resp, content = _retry_request(
                    ~~~~~~~~~~~~~~^
        http,
        ^^^^^
    ...<7 lines>...
        headers=self.headers,
        ^^^^^^^^^^^^^^^^^^^^^
    )
    ^
  File "/Library/Frameworks/Python.framework/Versions/3.13/lib/python3.13/site-packages/googleapiclient/http.py", line 222, in _retry_request
    raise exception
  File "/Library/Frameworks/Python.framework/Versions/3.13/lib/python3.13/site-packages/googleapiclient/http.py", line 191, in _retry_request
    resp, content = http.request(uri, method, *args, **kwargs)
                    ~~~~~~~~~~~~^^^^^^^^^^^^^^^^^^^^^^^^^^^^^^
  File "/Library/Frameworks/Python.framework/Versions/3.13/lib/python3.13/site-packages/google_auth_httplib2.py", line 218, in request
    response, content = self.http.request(
                        ~~~~~~~~~~~~~~~~~^
        uri,
        ^^^^
    ...<5 lines>...
        **kwargs
        ^^^^^^^^
    )
    ^
  File "/Library/Frameworks/Python.framework/Versions/3.13/lib/python3.13/site-packages/httplib2/__init__.py", line 1727, in request
    (response, content) = self._request(
                          ~~~~~~~~~~~~~^
        conn, authority, uri, request_uri, method, body, headers, redirections, cachekey,
        ^^^^^^^^^^^^^^^^^^^^^^^^^^^^^^^^^^^^^^^^^^^^^^^^^^^^^^^^^^^^^^^^^^^^^^^^^^^^^^^^^
    )
    ^
  File "/Library/Frameworks/Python.framework/Versions/3.13/lib/python3.13/site-packages/httplib2/__init__.py", line 1447, in _request
    (response, content) = self._conn_request(conn, request_uri, method, body, headers)
                          ~~~~~~~~~~~~~~~~~~^^^^^^^^^^^^^^^^^^^^^^^^^^^^^^^^^^^^^^^^^^
  File "/Library/Frameworks/Python.framework/Versions/3.13/lib/python3.13/site-packages/httplib2/__init__.py", line 1399, in _conn_request
    response = conn.getresponse()
  File "/Library/Frameworks/Python.framework/Versions/3.13/lib/python3.13/http/client.py", line 1430, in getresponse
    response.begin()
    ~~~~~~~~~~~~~~^^
  File "/Library/Frameworks/Python.framework/Versions/3.13/lib/python3.13/http/client.py", line 331, in begin
    version, status, reason = self._read_status()
                              ~~~~~~~~~~~~~~~~~^^
  File "/Library/Frameworks/Python.framework/Versions/3.13/lib/python3.13/http/client.py", line 292, in _read_status
    line = str(self.fp.readline(_MAXLINE + 1), "iso-8859-1")
               ~~~~~~~~~~~~~~~~^^^^^^^^^^^^^^
  File "/Library/Frameworks/Python.framework/Versions/3.13/lib/python3.13/socket.py", line 719, in readinto
    return self._sock.recv_into(b)
           ~~~~~~~~~~~~~~~~~~~~^^^
  File "/Library/Frameworks/Python.framework/Versions/3.13/lib/python3.13/ssl.py", line 1304, in recv_into
    return self.read(nbytes, buffer)
           ~~~~~~~~~^^^^^^^^^^^^^^^^
  File "/Library/Frameworks/Python.framework/Versions/3.13/lib/python3.13/ssl.py", line 1138, in read
    return self._sslobj.read(len, buffer)
           ~~~~~~~~~~~~~~~~~^^^^^^^^^^^^^
TimeoutError: The read operation timed out
2025-11-21 18:36:57,210 [ERROR] Unexpected error; retrying in 60 seconds.
Traceback (most recent call last):
  File "/Users/nera_thomas/Desktop/Telemarketing/UM_US.py", line 2161, in <module>
    Fetch.deposit_list_PID("29018465.asia", "uea8", "MYR", "+08:00", "UM_DL", "1kp3WplRQJt79CTsq8fKcRc9N5f58I3xo1sxVHt_7SD0", "UM DEPOSIT LIST", "A", "C", extra_mongo_collections=["SSBO_UM_DL"])
    ~~~~~~~~~~~~~~~~~~~~~~^^^^^^^^^^^^^^^^^^^^^^^^^^^^^^^^^^^^^^^^^^^^^^^^^^^^^^^^^^^^^^^^^^^^^^^^^^^^^^^^^^^^^^^^^^^^^^^^^^^^^^^^^^^^^^^^^^^^^^^^^^^^^^^^^^^^^^^^^^^^^^^^^^^^^^^^^^^^^^^^^^^^^^^^
  File "/Users/nera_thomas/Desktop/Telemarketing/UM_US.py", line 1776, in deposit_list_PID
    mongodb_2_gs.upload_to_google_sheet_DL_PID(collection, gs_id, gs_tab, start_column, end_column, rows=None, extra_mongo_collections=extra_mongo_collections)
    ~~~~~~~~~~~~~~~~~~~~~~~~~~~~~~~~~~~~~~~~~~^^^^^^^^^^^^^^^^^^^^^^^^^^^^^^^^^^^^^^^^^^^^^^^^^^^^^^^^^^^^^^^^^^^^^^^^^^^^^^^^^^^^^^^^^^^^^^^^^^^^^^^^^^^^^^^^^
  File "/Users/nera_thomas/Desktop/Telemarketing/UM_US.py", line 800, in upload_to_google_sheet_DL_PID
    creds = cls.googleAPI()
  File "/Users/nera_thomas/Desktop/Telemarketing/UM_US.py", line 276, in googleAPI
    flow = InstalledAppFlow.from_client_secrets_file(cls.CREDS_PATH, cls.SCOPES)
  File "/Library/Frameworks/Python.framework/Versions/3.13/lib/python3.13/site-packages/google_auth_oauthlib/flow.py", line 198, in from_client_secrets_file
    with open(client_secrets_file, "r") as json_file:
         ~~~~^^^^^^^^^^^^^^^^^^^^^^^^^^
FileNotFoundError: [Errno 2] No such file or directory: './api/google2/credentials.json'
2025-11-21 18:40:45,472 [ERROR] Unexpected error; retrying in 60 seconds.
Traceback (most recent call last):
  File "/Users/nera_thomas/Desktop/Telemarketing/UM_US.py", line 2161, in <module>
    Fetch.deposit_list_PID("29018465.asia", "uea8", "MYR", "+08:00", "UM_DL", "1kp3WplRQJt79CTsq8fKcRc9N5f58I3xo1sxVHt_7SD0", "UM DEPOSIT LIST", "A", "C", extra_mongo_collections=["SSBO_UM_DL"])
    ~~~~~~~~~~~~~~~~~~~~~~^^^^^^^^^^^^^^^^^^^^^^^^^^^^^^^^^^^^^^^^^^^^^^^^^^^^^^^^^^^^^^^^^^^^^^^^^^^^^^^^^^^^^^^^^^^^^^^^^^^^^^^^^^^^^^^^^^^^^^^^^^^^^^^^^^^^^^^^^^^^^^^^^^^^^^^^^^^^^^^^^^^^^^^^
  File "/Users/nera_thomas/Desktop/Telemarketing/UM_US.py", line 1776, in deposit_list_PID
    mongodb_2_gs.upload_to_google_sheet_DL_PID(collection, gs_id, gs_tab, start_column, end_column, rows=None, extra_mongo_collections=extra_mongo_collections)
    ~~~~~~~~~~~~~~~~~~~~~~~~~~~~~~~~~~~~~~~~~~^^^^^^^^^^^^^^^^^^^^^^^^^^^^^^^^^^^^^^^^^^^^^^^^^^^^^^^^^^^^^^^^^^^^^^^^^^^^^^^^^^^^^^^^^^^^^^^^^^^^^^^^^^^^^^^^^
  File "/Users/nera_thomas/Desktop/Telemarketing/UM_US.py", line 800, in upload_to_google_sheet_DL_PID
    creds = cls.googleAPI()
  File "/Users/nera_thomas/Desktop/Telemarketing/UM_US.py", line 276, in googleAPI
    flow = InstalledAppFlow.from_client_secrets_file(cls.CREDS_PATH, cls.SCOPES)
  File "/Library/Frameworks/Python.framework/Versions/3.13/lib/python3.13/site-packages/google_auth_oauthlib/flow.py", line 198, in from_client_secrets_file
    with open(client_secrets_file, "r") as json_file:
         ~~~~^^^^^^^^^^^^^^^^^^^^^^^^^^
FileNotFoundError: [Errno 2] No such file or directory: './api/google2/credentials.json'
2025-11-21 18:47:14,801 [ERROR] Unexpected error; retrying in 60 seconds.
Traceback (most recent call last):
  File "/Users/nera_thomas/Desktop/Telemarketing/UM_US.py", line 2161, in <module>
    Fetch.deposit_list_PID("29018465.asia", "uea8", "MYR", "+08:00", "UM_DL", "1kp3WplRQJt79CTsq8fKcRc9N5f58I3xo1sxVHt_7SD0", "UM DEPOSIT LIST", "A", "C", extra_mongo_collections=["SSBO_UM_DL"])
    ~~~~~~~~~~~~~~~~~~~~~~^^^^^^^^^^^^^^^^^^^^^^^^^^^^^^^^^^^^^^^^^^^^^^^^^^^^^^^^^^^^^^^^^^^^^^^^^^^^^^^^^^^^^^^^^^^^^^^^^^^^^^^^^^^^^^^^^^^^^^^^^^^^^^^^^^^^^^^^^^^^^^^^^^^^^^^^^^^^^^^^^^^^^^^^
  File "/Users/nera_thomas/Desktop/Telemarketing/UM_US.py", line 1776, in deposit_list_PID
    mongodb_2_gs.upload_to_google_sheet_DL_PID(collection, gs_id, gs_tab, start_column, end_column, rows=None, extra_mongo_collections=extra_mongo_collections)
    ~~~~~~~~~~~~~~~~~~~~~~~~~~~~~~~~~~~~~~~~~~^^^^^^^^^^^^^^^^^^^^^^^^^^^^^^^^^^^^^^^^^^^^^^^^^^^^^^^^^^^^^^^^^^^^^^^^^^^^^^^^^^^^^^^^^^^^^^^^^^^^^^^^^^^^^^^^^
  File "/Users/nera_thomas/Desktop/Telemarketing/UM_US.py", line 800, in upload_to_google_sheet_DL_PID
    creds = cls.googleAPI()
  File "/Users/nera_thomas/Desktop/Telemarketing/UM_US.py", line 276, in googleAPI
    flow = InstalledAppFlow.from_client_secrets_file(cls.CREDS_PATH, cls.SCOPES)
  File "/Library/Frameworks/Python.framework/Versions/3.13/lib/python3.13/site-packages/google_auth_oauthlib/flow.py", line 198, in from_client_secrets_file
    with open(client_secrets_file, "r") as json_file:
         ~~~~^^^^^^^^^^^^^^^^^^^^^^^^^^
FileNotFoundError: [Errno 2] No such file or directory: './Users/nera_thomas/Desktop/Telemarketing/api/google2/credentials.json'
